#
# There is insufficient memory for the Java Runtime Environment to continue.
# Native memory allocation (mmap) failed to map 7110656 bytes for G1 virtual space
# Possible reasons:
#   The system is out of physical RAM or swap space
#   The process is running with CompressedOops enabled, and the Java Heap may be blocking the growth of the native heap
# Possible solutions:
#   Reduce memory load on the system
#   Increase physical memory or swap space
#   Check if swap backing store is full
#   Decrease Java heap size (-Xmx/-Xms)
#   Decrease number of Java threads
#   Decrease Java thread stack sizes (-Xss)
#   Set larger code cache with -XX:ReservedCodeCacheSize=
#   JVM is running with Unscaled Compressed Oops mode in which the Java heap is
#     placed in the first 4GB address space. The Java Heap base address is the
#     maximum limit for the native heap growth. Please use -XX:HeapBaseMinAddress
#     to set the Java Heap base and to place the Java Heap above 4GB virtual address.
# This output file may be truncated or incomplete.
#
#  Out of Memory Error (./open/src/hotspot/os/windows/os_windows.cpp:3321), pid=51852, tid=31916
#
# JRE version: Java(TM) SE Runtime Environment (15.0.2+7) (build 15.0.2+7-27)
# Java VM: Java HotSpot(TM) 64-Bit Server VM (15.0.2+7-27, mixed mode, sharing, tiered, compressed oops, g1 gc, windows-amd64)
# No core dump will be written. Minidumps are not enabled by default on client versions of Windows
#

---------------  S U M M A R Y ------------

Command Line: -Dfile.encoding=UTF-8 -XX:+ShowCodeDetailsInExceptionMessages Main

Host: Intel(R) Core(TM) i3-7100U CPU @ 2.40GHz, 4 cores, 7G,  Windows 10 , 64 bit Build 19041 (10.0.19041.928)
Time: Sat May 29 01:15:55 2021 대한민국 표준시 elapsed time: 3.162362 seconds (0d 0h 0m 3s)

---------------  T H R E A D  ---------------

Current thread (0x00000230ca8b1ef0):  VMThread "VM Thread" [stack: 0x000000d190e00000,0x000000d190f00000] [id=31916]

Stack: [0x000000d190e00000,0x000000d190f00000]
[error occurred during error reporting (printing stack bounds), id 0xc0000005, EXCEPTION_ACCESS_VIOLATION (0xc0000005) at pc=0x00000230b41910ad]

Native frames: (J=compiled Java code, j=interpreted, Vv=VM code, C=native code)
V  [jvm.dll+0x62ae9a]
V  [jvm.dll+0x7817a9]
V  [jvm.dll+0x782f03]
V  [jvm.dll+0x7834c5]
V  [jvm.dll+0x78347b]
V  [jvm.dll+0x62a2b9]
V  [jvm.dll+0x62aa88]
C  [ntdll.dll+0xa217f]
C  [ntdll.dll+0x51454]
C  [ntdll.dll+0xa0cae]
C  0x00000230b41910ad

VM_Operation (0x000000d1908ff320): G1CollectForAllocation, mode: safepoint, requested by thread 0x00000230aa79da40


---------------  P R O C E S S  ---------------

Threads class SMR info:
_java_thread_list=0x00000230cb2a97d0, length=11, elements={
0x00000230aa79da40, 0x00000230ca8b8e50, 0x00000230ca8c2120, 0x00000230ca8d50b0,
0x00000230ca8d7980, 0x00000230ca8d8340, 0x00000230ca8dc000, 0x00000230ca939470,
0x00000230ca93d990, 0x00000230cb2d61d0, 0x00000230cb2c37b0
}

Java Threads: ( => current thread )
  0x00000230aa79da40 JavaThread "main" [_thread_blocked, id=51764, stack(0x000000d190800000,0x000000d190900000)]
  0x00000230ca8b8e50 JavaThread "Reference Handler" daemon [_thread_blocked, id=40964, stack(0x000000d190f00000,0x000000d191000000)]
  0x00000230ca8c2120 JavaThread "Finalizer" daemon [_thread_blocked, id=35196, stack(0x000000d191000000,0x000000d191100000)]
  0x00000230ca8d50b0 JavaThread "Signal Dispatcher" daemon [_thread_blocked, id=38968, stack(0x000000d191100000,0x000000d191200000)]
  0x00000230ca8d7980 JavaThread "Attach Listener" daemon [_thread_blocked, id=42544, stack(0x000000d191200000,0x000000d191300000)]
  0x00000230ca8d8340 JavaThread "Service Thread" daemon [_thread_blocked, id=42784, stack(0x000000d191300000,0x000000d191400000)]
  0x00000230ca8dc000 JavaThread "C2 CompilerThread0" daemon [_thread_blocked, id=48020, stack(0x000000d191400000,0x000000d191500000)]
  0x00000230ca939470 JavaThread "C1 CompilerThread0" daemon [_thread_blocked, id=49148, stack(0x000000d191500000,0x000000d191600000)]
  0x00000230ca93d990 JavaThread "Sweeper thread" daemon [_thread_blocked, id=49424, stack(0x000000d191600000,0x000000d191700000)]
  0x00000230cb2d61d0 JavaThread "Notification Thread" daemon [_thread_blocked, id=48352, stack(0x000000d191700000,0x000000d191800000)]
  0x00000230cb2c37b0 JavaThread "Common-Cleaner" daemon [_thread_blocked, id=22852, stack(0x000000d191900000,0x000000d191a00000)]

Other Threads:
=>0x00000230ca8b1ef0 VMThread "VM Thread" [stack: 0x000000d190e00000,0x000000d190f00000] [id=31916]
  0x00000230cb2d66a0 WatcherThread [stack: 0x000000d191800000,0x000000d191900000] [id=32688]
  0x00000230aa7dca80 GCTaskThread "GC Thread#0" [stack: 0x000000d190900000,0x000000d190a00000] [id=41300]
  0x00000230cb29fa40 GCTaskThread "GC Thread#1" [stack: 0x000000d191a00000,0x000000d191b00000] [id=19880]
  0x00000230cb314230 GCTaskThread "GC Thread#2" [stack: 0x000000d191b00000,0x000000d191c00000] [id=50276]
  0x00000230cb313570 GCTaskThread "GC Thread#3" [stack: 0x000000d191c00000,0x000000d191d00000] [id=36240]
  0x00000230aa7ee830 ConcurrentGCThread "G1 Main Marker" [stack: 0x000000d190a00000,0x000000d190b00000] [id=48508]
  0x00000230aa7efc90 ConcurrentGCThread "G1 Conc#0" [stack: 0x000000d190b00000,0x000000d190c00000] [id=45600]
  0x00000230aa865fc0 ConcurrentGCThread "G1 Refine#0" [stack: 0x000000d190c00000,0x000000d190d00000] [id=49844]
  0x00000230aa86a130 ConcurrentGCThread "G1 Young RemSet Sampling" [stack: 0x000000d190d00000,0x000000d190e00000] [id=46680]

Threads with active compile tasks:

VM state: at safepoint (normal execution)

VM Mutex/Monitor currently owned by a thread:  ([mutex/lock_event])
[0x00000230aa798d10] Threads_lock - owner thread: 0x00000230ca8b1ef0
[0x00000230aa798bf0] Heap_lock - owner thread: 0x00000230aa79da40

Heap address: 0x0000000082200000, size: 2014 MB, Compressed Oops mode: 32-bit
CDS archive(s) mapped at: [0x0000000800000000-0x0000000800b50000-0x0000000800b50000), size 11862016, SharedBaseAddress: 0x0000000800000000, ArchiveRelocationMode: 0.
Compressed class space mapped at: 0x0000000800b50000-0x0000000840b50000, size: 1073741824
Narrow klass base: 0x0000000800000000, Narrow klass shift: 3, Narrow klass range: 0x100000000

GC Precious Log:
 CPUs: 4 total, 4 available
 Memory: 8051M
 Large Page Support: Disabled
 NUMA Support: Disabled
 Compressed Oops: Enabled (32-bit)
 Heap Region Size: 1M
 Heap Min Capacity: 8M
 Heap Initial Capacity: 126M
 Heap Max Capacity: 2014M
 Pre-touch: Disabled
 Parallel Workers: 4
 Concurrent Workers: 1
 Concurrent Refinement Workers: 4
 Periodic GC: Disabled

Heap:
 garbage-first heap   total 684032K, used 172544K [0x0000000082200000, 0x0000000100000000)
  region size 1024K, 3 young (3072K), 3 survivors (3072K)
 Metaspace       used 318K, capacity 4490K, committed 4864K, reserved 1056768K
  class space    used 17K, capacity 386K, committed 512K, reserved 1048576K

Heap Regions: E=young(eden), S=young(survivor), O=old, HS=humongous(starts), HC=humongous(continues), CS=collection set, F=free, OA=open archive, CA=closed archive, TAMS=top-at-mark-start (previous, next)
|   0|0x0000000082200000, 0x0000000082300000, 0x0000000082300000|100%| O|  |TAMS 0x0000000082200000, 0x0000000082300000| Untracked 
|   1|0x0000000082300000, 0x0000000082400000, 0x0000000082400000|100%| O|  |TAMS 0x0000000082300000, 0x0000000082400000| Untracked 
|   2|0x0000000082400000, 0x0000000082500000, 0x0000000082500000|100%| O|  |TAMS 0x0000000082400000, 0x0000000082500000| Untracked 
|   3|0x0000000082500000, 0x0000000082600000, 0x0000000082600000|100%| O|  |TAMS 0x0000000082500000, 0x0000000082600000| Untracked 
|   4|0x0000000082600000, 0x0000000082700000, 0x0000000082700000|100%| O|  |TAMS 0x0000000082600000, 0x0000000082700000| Untracked 
|   5|0x0000000082700000, 0x0000000082800000, 0x0000000082800000|100%| O|  |TAMS 0x0000000082700000, 0x0000000082800000| Untracked 
|   6|0x0000000082800000, 0x0000000082900000, 0x0000000082900000|100%| O|  |TAMS 0x0000000082800000, 0x0000000082900000| Untracked 
|   7|0x0000000082900000, 0x0000000082a00000, 0x0000000082a00000|100%| O|  |TAMS 0x0000000082900000, 0x0000000082a00000| Untracked 
|   8|0x0000000082a00000, 0x0000000082b00000, 0x0000000082b00000|100%| O|  |TAMS 0x0000000082a00000, 0x0000000082b00000| Untracked 
|   9|0x0000000082b00000, 0x0000000082c00000, 0x0000000082c00000|100%| O|  |TAMS 0x0000000082b00000, 0x0000000082c00000| Untracked 
|  10|0x0000000082c00000, 0x0000000082d00000, 0x0000000082d00000|100%| O|  |TAMS 0x0000000082c00000, 0x0000000082d00000| Untracked 
|  11|0x0000000082d00000, 0x0000000082e00000, 0x0000000082e00000|100%| O|  |TAMS 0x0000000082d00000, 0x0000000082e00000| Untracked 
|  12|0x0000000082e00000, 0x0000000082f00000, 0x0000000082f00000|100%| O|  |TAMS 0x0000000082e00000, 0x0000000082f00000| Untracked 
|  13|0x0000000082f00000, 0x0000000083000000, 0x0000000083000000|100%| O|  |TAMS 0x0000000082f00000, 0x0000000083000000| Untracked 
|  14|0x0000000083000000, 0x0000000083100000, 0x0000000083100000|100%| O|  |TAMS 0x0000000083000000, 0x0000000083100000| Untracked 
|  15|0x0000000083100000, 0x0000000083200000, 0x0000000083200000|100%| O|  |TAMS 0x0000000083100000, 0x0000000083200000| Untracked 
|  16|0x0000000083200000, 0x0000000083300000, 0x0000000083300000|100%| O|  |TAMS 0x0000000083200000, 0x0000000083300000| Untracked 
|  17|0x0000000083300000, 0x0000000083400000, 0x0000000083400000|100%| O|  |TAMS 0x0000000083300000, 0x0000000083400000| Untracked 
|  18|0x0000000083400000, 0x0000000083500000, 0x0000000083500000|100%| O|  |TAMS 0x0000000083400000, 0x0000000083500000| Untracked 
|  19|0x0000000083500000, 0x0000000083600000, 0x0000000083600000|100%| O|  |TAMS 0x0000000083500000, 0x0000000083600000| Untracked 
|  20|0x0000000083600000, 0x0000000083700000, 0x0000000083700000|100%| O|  |TAMS 0x0000000083600000, 0x0000000083700000| Untracked 
|  21|0x0000000083700000, 0x0000000083800000, 0x0000000083800000|100%| O|  |TAMS 0x0000000083700000, 0x0000000083800000| Untracked 
|  22|0x0000000083800000, 0x0000000083900000, 0x0000000083900000|100%| O|  |TAMS 0x0000000083800000, 0x0000000083900000| Untracked 
|  23|0x0000000083900000, 0x0000000083a00000, 0x0000000083a00000|100%| O|  |TAMS 0x0000000083900000, 0x0000000083a00000| Untracked 
|  24|0x0000000083a00000, 0x0000000083b00000, 0x0000000083b00000|100%| O|  |TAMS 0x0000000083a00000, 0x0000000083b00000| Untracked 
|  25|0x0000000083b00000, 0x0000000083c00000, 0x0000000083c00000|100%| O|  |TAMS 0x0000000083b00000, 0x0000000083c00000| Untracked 
|  26|0x0000000083c00000, 0x0000000083d00000, 0x0000000083d00000|100%| O|  |TAMS 0x0000000083c00000, 0x0000000083d00000| Untracked 
|  27|0x0000000083d00000, 0x0000000083e00000, 0x0000000083e00000|100%| O|  |TAMS 0x0000000083d00000, 0x0000000083e00000| Untracked 
|  28|0x0000000083e00000, 0x0000000083f00000, 0x0000000083f00000|100%| O|  |TAMS 0x0000000083e00000, 0x0000000083f00000| Untracked 
|  29|0x0000000083f00000, 0x0000000084000000, 0x0000000084000000|100%| O|  |TAMS 0x0000000083f00000, 0x0000000084000000| Untracked 
|  30|0x0000000084000000, 0x0000000084100000, 0x0000000084100000|100%| O|  |TAMS 0x0000000084000000, 0x0000000084100000| Untracked 
|  31|0x0000000084100000, 0x0000000084200000, 0x0000000084200000|100%| O|  |TAMS 0x0000000084100000, 0x0000000084200000| Untracked 
|  32|0x0000000084200000, 0x0000000084300000, 0x0000000084300000|100%| O|  |TAMS 0x0000000084200000, 0x0000000084300000| Untracked 
|  33|0x0000000084300000, 0x0000000084400000, 0x0000000084400000|100%| O|  |TAMS 0x0000000084300000, 0x0000000084400000| Untracked 
|  34|0x0000000084400000, 0x0000000084500000, 0x0000000084500000|100%| O|  |TAMS 0x0000000084400000, 0x0000000084500000| Untracked 
|  35|0x0000000084500000, 0x0000000084600000, 0x0000000084600000|100%| O|  |TAMS 0x0000000084500000, 0x0000000084600000| Untracked 
|  36|0x0000000084600000, 0x0000000084700000, 0x0000000084700000|100%| O|  |TAMS 0x0000000084600000, 0x0000000084700000| Untracked 
|  37|0x0000000084700000, 0x0000000084800000, 0x0000000084800000|100%| O|  |TAMS 0x0000000084700000, 0x0000000084800000| Untracked 
|  38|0x0000000084800000, 0x0000000084900000, 0x0000000084900000|100%| O|  |TAMS 0x0000000084800000, 0x0000000084900000| Untracked 
|  39|0x0000000084900000, 0x0000000084a00000, 0x0000000084a00000|100%| O|  |TAMS 0x0000000084900000, 0x0000000084a00000| Untracked 
|  40|0x0000000084a00000, 0x0000000084b00000, 0x0000000084b00000|100%| O|  |TAMS 0x0000000084a00000, 0x0000000084b00000| Untracked 
|  41|0x0000000084b00000, 0x0000000084c00000, 0x0000000084c00000|100%| O|  |TAMS 0x0000000084b00000, 0x0000000084c00000| Untracked 
|  42|0x0000000084c00000, 0x0000000084d00000, 0x0000000084d00000|100%| O|  |TAMS 0x0000000084c00000, 0x0000000084d00000| Untracked 
|  43|0x0000000084d00000, 0x0000000084e00000, 0x0000000084e00000|100%| O|  |TAMS 0x0000000084d00000, 0x0000000084e00000| Untracked 
|  44|0x0000000084e00000, 0x0000000084f00000, 0x0000000084f00000|100%| O|  |TAMS 0x0000000084e00000, 0x0000000084f00000| Untracked 
|  45|0x0000000084f00000, 0x0000000085000000, 0x0000000085000000|100%| O|  |TAMS 0x0000000084f00000, 0x0000000085000000| Untracked 
|  46|0x0000000085000000, 0x0000000085100000, 0x0000000085100000|100%| O|  |TAMS 0x0000000085000000, 0x0000000085100000| Untracked 
|  47|0x0000000085100000, 0x0000000085200000, 0x0000000085200000|100%| O|  |TAMS 0x0000000085100000, 0x0000000085200000| Untracked 
|  48|0x0000000085200000, 0x0000000085300000, 0x0000000085300000|100%| O|  |TAMS 0x0000000085200000, 0x0000000085300000| Untracked 
|  49|0x0000000085300000, 0x0000000085400000, 0x0000000085400000|100%| O|  |TAMS 0x0000000085300000, 0x0000000085400000| Untracked 
|  50|0x0000000085400000, 0x0000000085500000, 0x0000000085500000|100%| O|  |TAMS 0x0000000085400000, 0x0000000085500000| Untracked 
|  51|0x0000000085500000, 0x0000000085600000, 0x0000000085600000|100%| O|  |TAMS 0x0000000085500000, 0x0000000085600000| Untracked 
|  52|0x0000000085600000, 0x0000000085700000, 0x0000000085700000|100%| O|  |TAMS 0x0000000085600000, 0x0000000085700000| Untracked 
|  53|0x0000000085700000, 0x0000000085800000, 0x0000000085800000|100%| O|  |TAMS 0x0000000085700000, 0x0000000085800000| Untracked 
|  54|0x0000000085800000, 0x0000000085900000, 0x0000000085900000|100%| O|  |TAMS 0x0000000085800000, 0x0000000085900000| Untracked 
|  55|0x0000000085900000, 0x0000000085a00000, 0x0000000085a00000|100%| O|  |TAMS 0x0000000085900000, 0x0000000085a00000| Untracked 
|  56|0x0000000085a00000, 0x0000000085b00000, 0x0000000085b00000|100%| O|  |TAMS 0x0000000085a00000, 0x0000000085b00000| Untracked 
|  57|0x0000000085b00000, 0x0000000085c00000, 0x0000000085c00000|100%| O|  |TAMS 0x0000000085b00000, 0x0000000085c00000| Untracked 
|  58|0x0000000085c00000, 0x0000000085d00000, 0x0000000085d00000|100%| O|  |TAMS 0x0000000085c00000, 0x0000000085d00000| Untracked 
|  59|0x0000000085d00000, 0x0000000085e00000, 0x0000000085e00000|100%| O|  |TAMS 0x0000000085d00000, 0x0000000085e00000| Untracked 
|  60|0x0000000085e00000, 0x0000000085f00000, 0x0000000085f00000|100%| O|  |TAMS 0x0000000085e00000, 0x0000000085f00000| Untracked 
|  61|0x0000000085f00000, 0x0000000086000000, 0x0000000086000000|100%| O|  |TAMS 0x0000000085f00000, 0x0000000086000000| Untracked 
|  62|0x0000000086000000, 0x0000000086100000, 0x0000000086100000|100%| O|  |TAMS 0x0000000086000000, 0x0000000086100000| Untracked 
|  63|0x0000000086100000, 0x0000000086200000, 0x0000000086200000|100%| O|  |TAMS 0x0000000086100000, 0x0000000086200000| Untracked 
|  64|0x0000000086200000, 0x0000000086300000, 0x0000000086300000|100%| O|  |TAMS 0x0000000086200000, 0x0000000086300000| Untracked 
|  65|0x0000000086300000, 0x0000000086400000, 0x0000000086400000|100%| O|  |TAMS 0x0000000086300000, 0x0000000086400000| Untracked 
|  66|0x0000000086400000, 0x0000000086500000, 0x0000000086500000|100%| O|  |TAMS 0x0000000086400000, 0x0000000086500000| Untracked 
|  67|0x0000000086500000, 0x0000000086600000, 0x0000000086600000|100%| O|  |TAMS 0x0000000086500000, 0x0000000086600000| Untracked 
|  68|0x0000000086600000, 0x0000000086700000, 0x0000000086700000|100%| O|  |TAMS 0x0000000086600000, 0x0000000086700000| Untracked 
|  69|0x0000000086700000, 0x0000000086800000, 0x0000000086800000|100%| O|  |TAMS 0x0000000086700000, 0x0000000086800000| Untracked 
|  70|0x0000000086800000, 0x0000000086900000, 0x0000000086900000|100%| O|  |TAMS 0x0000000086800000, 0x0000000086900000| Untracked 
|  71|0x0000000086900000, 0x0000000086a00000, 0x0000000086a00000|100%| O|  |TAMS 0x0000000086900000, 0x0000000086a00000| Untracked 
|  72|0x0000000086a00000, 0x0000000086b00000, 0x0000000086b00000|100%| O|  |TAMS 0x0000000086a00000, 0x0000000086b00000| Untracked 
|  73|0x0000000086b00000, 0x0000000086c00000, 0x0000000086c00000|100%| O|  |TAMS 0x0000000086b00000, 0x0000000086c00000| Untracked 
|  74|0x0000000086c00000, 0x0000000086d00000, 0x0000000086d00000|100%| O|  |TAMS 0x0000000086c00000, 0x0000000086d00000| Untracked 
|  75|0x0000000086d00000, 0x0000000086e00000, 0x0000000086e00000|100%| O|  |TAMS 0x0000000086d00000, 0x0000000086e00000| Untracked 
|  76|0x0000000086e00000, 0x0000000086f00000, 0x0000000086f00000|100%| O|  |TAMS 0x0000000086e00000, 0x0000000086f00000| Untracked 
|  77|0x0000000086f00000, 0x0000000087000000, 0x0000000087000000|100%| O|  |TAMS 0x0000000086f00000, 0x0000000087000000| Untracked 
|  78|0x0000000087000000, 0x0000000087100000, 0x0000000087100000|100%| O|  |TAMS 0x0000000087000000, 0x0000000087100000| Untracked 
|  79|0x0000000087100000, 0x0000000087200000, 0x0000000087200000|100%| O|  |TAMS 0x0000000087100000, 0x0000000087200000| Untracked 
|  80|0x0000000087200000, 0x0000000087300000, 0x0000000087300000|100%| O|  |TAMS 0x0000000087200000, 0x0000000087300000| Untracked 
|  81|0x0000000087300000, 0x0000000087400000, 0x0000000087400000|100%| O|  |TAMS 0x0000000087300000, 0x0000000087400000| Untracked 
|  82|0x0000000087400000, 0x0000000087500000, 0x0000000087500000|100%| O|  |TAMS 0x0000000087400000, 0x0000000087500000| Untracked 
|  83|0x0000000087500000, 0x0000000087600000, 0x0000000087600000|100%| O|  |TAMS 0x0000000087500000, 0x0000000087600000| Untracked 
|  84|0x0000000087600000, 0x0000000087700000, 0x0000000087700000|100%| O|  |TAMS 0x0000000087600000, 0x0000000087700000| Untracked 
|  85|0x0000000087700000, 0x0000000087800000, 0x0000000087800000|100%| O|  |TAMS 0x0000000087700000, 0x0000000087800000| Untracked 
|  86|0x0000000087800000, 0x0000000087900000, 0x0000000087900000|100%| O|  |TAMS 0x0000000087800000, 0x0000000087900000| Untracked 
|  87|0x0000000087900000, 0x0000000087a00000, 0x0000000087a00000|100%| O|  |TAMS 0x0000000087900000, 0x0000000087a00000| Untracked 
|  88|0x0000000087a00000, 0x0000000087b00000, 0x0000000087b00000|100%| O|  |TAMS 0x0000000087a00000, 0x0000000087b00000| Untracked 
|  89|0x0000000087b00000, 0x0000000087c00000, 0x0000000087c00000|100%| O|  |TAMS 0x0000000087b00000, 0x0000000087c00000| Untracked 
|  90|0x0000000087c00000, 0x0000000087d00000, 0x0000000087d00000|100%| O|  |TAMS 0x0000000087c00000, 0x0000000087d00000| Untracked 
|  91|0x0000000087d00000, 0x0000000087e00000, 0x0000000087e00000|100%| O|  |TAMS 0x0000000087d00000, 0x0000000087e00000| Untracked 
|  92|0x0000000087e00000, 0x0000000087f00000, 0x0000000087f00000|100%| O|  |TAMS 0x0000000087e00000, 0x0000000087f00000| Untracked 
|  93|0x0000000087f00000, 0x0000000088000000, 0x0000000088000000|100%| O|  |TAMS 0x0000000087f00000, 0x0000000088000000| Untracked 
|  94|0x0000000088000000, 0x0000000088100000, 0x0000000088100000|100%| O|  |TAMS 0x0000000088000000, 0x0000000088100000| Untracked 
|  95|0x0000000088100000, 0x0000000088200000, 0x0000000088200000|100%| O|  |TAMS 0x0000000088100000, 0x0000000088200000| Untracked 
|  96|0x0000000088200000, 0x0000000088300000, 0x0000000088300000|100%| O|  |TAMS 0x0000000088200000, 0x0000000088300000| Untracked 
|  97|0x0000000088300000, 0x0000000088400000, 0x0000000088400000|100%| O|  |TAMS 0x0000000088300000, 0x0000000088400000| Untracked 
|  98|0x0000000088400000, 0x0000000088500000, 0x0000000088500000|100%| O|  |TAMS 0x0000000088400000, 0x0000000088500000| Untracked 
|  99|0x0000000088500000, 0x0000000088600000, 0x0000000088600000|100%| O|  |TAMS 0x0000000088500000, 0x0000000088600000| Untracked 
| 100|0x0000000088600000, 0x0000000088700000, 0x0000000088700000|100%| O|  |TAMS 0x0000000088600000, 0x0000000088700000| Untracked 
| 101|0x0000000088700000, 0x0000000088800000, 0x0000000088800000|100%| O|  |TAMS 0x0000000088700000, 0x0000000088800000| Untracked 
| 102|0x0000000088800000, 0x0000000088900000, 0x0000000088900000|100%| O|  |TAMS 0x0000000088800000, 0x0000000088900000| Untracked 
| 103|0x0000000088900000, 0x0000000088a00000, 0x0000000088a00000|100%| O|  |TAMS 0x0000000088900000, 0x0000000088a00000| Untracked 
| 104|0x0000000088a00000, 0x0000000088b00000, 0x0000000088b00000|100%| O|  |TAMS 0x0000000088a00000, 0x0000000088b00000| Untracked 
| 105|0x0000000088b00000, 0x0000000088c00000, 0x0000000088c00000|100%| O|  |TAMS 0x0000000088b00000, 0x0000000088c00000| Untracked 
| 106|0x0000000088c00000, 0x0000000088d00000, 0x0000000088d00000|100%| O|  |TAMS 0x0000000088c00000, 0x0000000088d00000| Untracked 
| 107|0x0000000088d00000, 0x0000000088e00000, 0x0000000088e00000|100%| O|  |TAMS 0x0000000088d00000, 0x0000000088e00000| Untracked 
| 108|0x0000000088e00000, 0x0000000088f00000, 0x0000000088f00000|100%| O|  |TAMS 0x0000000088e00000, 0x0000000088f00000| Untracked 
| 109|0x0000000088f00000, 0x0000000089000000, 0x0000000089000000|100%| O|  |TAMS 0x0000000088f00000, 0x0000000089000000| Untracked 
| 110|0x0000000089000000, 0x0000000089100000, 0x0000000089100000|100%| O|  |TAMS 0x0000000089000000, 0x0000000089100000| Untracked 
| 111|0x0000000089100000, 0x0000000089200000, 0x0000000089200000|100%| O|  |TAMS 0x0000000089100000, 0x0000000089200000| Untracked 
| 112|0x0000000089200000, 0x0000000089300000, 0x0000000089300000|100%| O|  |TAMS 0x0000000089200000, 0x0000000089300000| Untracked 
| 113|0x0000000089300000, 0x0000000089400000, 0x0000000089400000|100%| O|  |TAMS 0x0000000089300000, 0x0000000089400000| Untracked 
| 114|0x0000000089400000, 0x0000000089500000, 0x0000000089500000|100%| O|  |TAMS 0x0000000089400000, 0x0000000089500000| Untracked 
| 115|0x0000000089500000, 0x0000000089600000, 0x0000000089600000|100%| O|  |TAMS 0x0000000089500000, 0x0000000089600000| Untracked 
| 116|0x0000000089600000, 0x0000000089700000, 0x0000000089700000|100%| O|  |TAMS 0x0000000089600000, 0x0000000089700000| Untracked 
| 117|0x0000000089700000, 0x0000000089800000, 0x0000000089800000|100%| O|  |TAMS 0x0000000089700000, 0x0000000089800000| Untracked 
| 118|0x0000000089800000, 0x0000000089900000, 0x0000000089900000|100%| O|  |TAMS 0x0000000089800000, 0x0000000089800000| Untracked 
| 119|0x0000000089900000, 0x0000000089a00000, 0x0000000089a00000|100%| O|  |TAMS 0x0000000089900000, 0x0000000089900000| Untracked 
| 120|0x0000000089a00000, 0x0000000089b00000, 0x0000000089b00000|100%| O|  |TAMS 0x0000000089a00000, 0x0000000089a00000| Untracked 
| 121|0x0000000089b00000, 0x0000000089c00000, 0x0000000089c00000|100%| O|  |TAMS 0x0000000089b00000, 0x0000000089b00000| Untracked 
| 122|0x0000000089c00000, 0x0000000089d00000, 0x0000000089d00000|100%| O|  |TAMS 0x0000000089c00000, 0x0000000089c00000| Untracked 
| 123|0x0000000089d00000, 0x0000000089e00000, 0x0000000089e00000|100%| O|  |TAMS 0x0000000089d00000, 0x0000000089d00000| Untracked 
| 124|0x0000000089e00000, 0x0000000089f00000, 0x0000000089f00000|100%| O|  |TAMS 0x0000000089e00000, 0x0000000089e00000| Untracked 
| 125|0x0000000089f00000, 0x000000008a000000, 0x000000008a000000|100%| O|  |TAMS 0x0000000089f00000, 0x0000000089f00000| Untracked 
| 126|0x000000008a000000, 0x000000008a100000, 0x000000008a100000|100%| O|  |TAMS 0x000000008a000000, 0x000000008a000000| Untracked 
| 127|0x000000008a100000, 0x000000008a200000, 0x000000008a200000|100%| O|  |TAMS 0x000000008a100000, 0x000000008a100000| Untracked 
| 128|0x000000008a200000, 0x000000008a300000, 0x000000008a300000|100%| O|  |TAMS 0x000000008a200000, 0x000000008a200000| Untracked 
| 129|0x000000008a300000, 0x000000008a400000, 0x000000008a400000|100%| O|  |TAMS 0x000000008a300000, 0x000000008a300000| Untracked 
| 130|0x000000008a400000, 0x000000008a500000, 0x000000008a500000|100%| O|  |TAMS 0x000000008a400000, 0x000000008a400000| Untracked 
| 131|0x000000008a500000, 0x000000008a600000, 0x000000008a600000|100%| O|  |TAMS 0x000000008a500000, 0x000000008a500000| Untracked 
| 132|0x000000008a600000, 0x000000008a700000, 0x000000008a700000|100%| O|  |TAMS 0x000000008a600000, 0x000000008a600000| Untracked 
| 133|0x000000008a700000, 0x000000008a800000, 0x000000008a800000|100%| O|  |TAMS 0x000000008a700000, 0x000000008a700000| Untracked 
| 134|0x000000008a800000, 0x000000008a900000, 0x000000008a900000|100%| O|  |TAMS 0x000000008a800000, 0x000000008a800000| Untracked 
| 135|0x000000008a900000, 0x000000008aa00000, 0x000000008aa00000|100%| O|  |TAMS 0x000000008a900000, 0x000000008a900000| Untracked 
| 136|0x000000008aa00000, 0x000000008ab00000, 0x000000008ab00000|100%| O|  |TAMS 0x000000008aa00000, 0x000000008aa00000| Untracked 
| 137|0x000000008ab00000, 0x000000008ac00000, 0x000000008ac00000|100%| O|  |TAMS 0x000000008ab00000, 0x000000008ab00000| Untracked 
| 138|0x000000008ac00000, 0x000000008ad00000, 0x000000008ad00000|100%| O|  |TAMS 0x000000008ac00000, 0x000000008ac00000| Untracked 
| 139|0x000000008ad00000, 0x000000008ae00000, 0x000000008ae00000|100%| O|  |TAMS 0x000000008ad00000, 0x000000008ad00000| Untracked 
| 140|0x000000008ae00000, 0x000000008af00000, 0x000000008af00000|100%| O|  |TAMS 0x000000008ae00000, 0x000000008ae00000| Untracked 
| 141|0x000000008af00000, 0x000000008b000000, 0x000000008b000000|100%| O|  |TAMS 0x000000008af00000, 0x000000008af00000| Untracked 
| 142|0x000000008b000000, 0x000000008b100000, 0x000000008b100000|100%| O|  |TAMS 0x000000008b000000, 0x000000008b000000| Untracked 
| 143|0x000000008b100000, 0x000000008b200000, 0x000000008b200000|100%| O|  |TAMS 0x000000008b100000, 0x000000008b100000| Untracked 
| 144|0x000000008b200000, 0x000000008b300000, 0x000000008b300000|100%| O|  |TAMS 0x000000008b200000, 0x000000008b200000| Untracked 
| 145|0x000000008b300000, 0x000000008b400000, 0x000000008b400000|100%| O|  |TAMS 0x000000008b300000, 0x000000008b300000| Untracked 
| 146|0x000000008b400000, 0x000000008b500000, 0x000000008b500000|100%| O|  |TAMS 0x000000008b400000, 0x000000008b400000| Untracked 
| 147|0x000000008b500000, 0x000000008b600000, 0x000000008b600000|100%| O|  |TAMS 0x000000008b500000, 0x000000008b500000| Untracked 
| 148|0x000000008b600000, 0x000000008b700000, 0x000000008b700000|100%| O|  |TAMS 0x000000008b600000, 0x000000008b600000| Untracked 
| 149|0x000000008b700000, 0x000000008b800000, 0x000000008b800000|100%| O|  |TAMS 0x000000008b700000, 0x000000008b700000| Untracked 
| 150|0x000000008b800000, 0x000000008b900000, 0x000000008b900000|100%| O|  |TAMS 0x000000008b800000, 0x000000008b800000| Untracked 
| 151|0x000000008b900000, 0x000000008ba00000, 0x000000008ba00000|100%| O|  |TAMS 0x000000008b900000, 0x000000008b900000| Untracked 
| 152|0x000000008ba00000, 0x000000008bb00000, 0x000000008bb00000|100%| O|  |TAMS 0x000000008ba00000, 0x000000008ba00000| Untracked 
| 153|0x000000008bb00000, 0x000000008bc00000, 0x000000008bc00000|100%| O|  |TAMS 0x000000008bb00000, 0x000000008bb00000| Untracked 
| 154|0x000000008bc00000, 0x000000008bd00000, 0x000000008bd00000|100%| O|  |TAMS 0x000000008bc00000, 0x000000008bc00000| Untracked 
| 155|0x000000008bd00000, 0x000000008be00000, 0x000000008be00000|100%| O|  |TAMS 0x000000008bd00000, 0x000000008bd00000| Untracked 
| 156|0x000000008be00000, 0x000000008bf00000, 0x000000008bf00000|100%| O|  |TAMS 0x000000008be00000, 0x000000008be00000| Untracked 
| 157|0x000000008bf00000, 0x000000008c000000, 0x000000008c000000|100%| O|  |TAMS 0x000000008bf00000, 0x000000008bf00000| Untracked 
| 158|0x000000008c000000, 0x000000008c100000, 0x000000008c100000|100%| O|  |TAMS 0x000000008c000000, 0x000000008c000000| Untracked 
| 159|0x000000008c100000, 0x000000008c200000, 0x000000008c200000|100%| O|  |TAMS 0x000000008c100000, 0x000000008c100000| Untracked 
| 160|0x000000008c200000, 0x000000008c300000, 0x000000008c300000|100%| O|  |TAMS 0x000000008c200000, 0x000000008c200000| Untracked 
| 161|0x000000008c300000, 0x000000008c400000, 0x000000008c400000|100%| O|  |TAMS 0x000000008c300000, 0x000000008c300000| Untracked 
| 162|0x000000008c400000, 0x000000008c500000, 0x000000008c500000|100%| O|  |TAMS 0x000000008c400000, 0x000000008c400000| Untracked 
| 163|0x000000008c500000, 0x000000008c600000, 0x000000008c600000|100%| O|  |TAMS 0x000000008c500000, 0x000000008c500000| Untracked 
| 164|0x000000008c600000, 0x000000008c700000, 0x000000008c700000|100%| O|  |TAMS 0x000000008c600000, 0x000000008c600000| Untracked 
| 165|0x000000008c700000, 0x000000008c780000, 0x000000008c800000| 50%| O|  |TAMS 0x000000008c700000, 0x000000008c700000| Untracked 
| 166|0x000000008c800000, 0x000000008c800000, 0x000000008c900000|  0%| F|  |TAMS 0x000000008c800000, 0x000000008c800000| Untracked 
| 167|0x000000008c900000, 0x000000008c900000, 0x000000008ca00000|  0%| F|  |TAMS 0x000000008c900000, 0x000000008c900000| Untracked 
| 168|0x000000008ca00000, 0x000000008ca00000, 0x000000008cb00000|  0%| F|  |TAMS 0x000000008ca00000, 0x000000008ca00000| Untracked 
| 169|0x000000008cb00000, 0x000000008cb00000, 0x000000008cc00000|  0%| F|  |TAMS 0x000000008cb00000, 0x000000008cb00000| Untracked 
| 170|0x000000008cc00000, 0x000000008cc00000, 0x000000008cd00000|  0%| F|  |TAMS 0x000000008cc00000, 0x000000008cc00000| Untracked 
| 171|0x000000008cd00000, 0x000000008cd00000, 0x000000008ce00000|  0%| F|  |TAMS 0x000000008cd00000, 0x000000008cd00000| Untracked 
| 172|0x000000008ce00000, 0x000000008ce00000, 0x000000008cf00000|  0%| F|  |TAMS 0x000000008ce00000, 0x000000008ce00000| Untracked 
| 173|0x000000008cf00000, 0x000000008cf00000, 0x000000008d000000|  0%| F|  |TAMS 0x000000008cf00000, 0x000000008cf00000| Untracked 
| 174|0x000000008d000000, 0x000000008d000000, 0x000000008d100000|  0%| F|  |TAMS 0x000000008d000000, 0x000000008d000000| Untracked 
| 175|0x000000008d100000, 0x000000008d100000, 0x000000008d200000|  0%| F|  |TAMS 0x000000008d100000, 0x000000008d100000| Untracked 
| 176|0x000000008d200000, 0x000000008d200000, 0x000000008d300000|  0%| F|  |TAMS 0x000000008d200000, 0x000000008d200000| Untracked 
| 177|0x000000008d300000, 0x000000008d300000, 0x000000008d400000|  0%| F|  |TAMS 0x000000008d300000, 0x000000008d300000| Untracked 
| 178|0x000000008d400000, 0x000000008d400000, 0x000000008d500000|  0%| F|  |TAMS 0x000000008d400000, 0x000000008d400000| Untracked 
| 179|0x000000008d500000, 0x000000008d500000, 0x000000008d600000|  0%| F|  |TAMS 0x000000008d500000, 0x000000008d500000| Untracked 
| 180|0x000000008d600000, 0x000000008d600000, 0x000000008d700000|  0%| F|  |TAMS 0x000000008d600000, 0x000000008d600000| Untracked 
| 181|0x000000008d700000, 0x000000008d700000, 0x000000008d800000|  0%| F|  |TAMS 0x000000008d700000, 0x000000008d700000| Untracked 
| 182|0x000000008d800000, 0x000000008d800000, 0x000000008d900000|  0%| F|  |TAMS 0x000000008d800000, 0x000000008d800000| Untracked 
| 183|0x000000008d900000, 0x000000008d900000, 0x000000008da00000|  0%| F|  |TAMS 0x000000008d900000, 0x000000008d900000| Untracked 
| 184|0x000000008da00000, 0x000000008da00000, 0x000000008db00000|  0%| F|  |TAMS 0x000000008da00000, 0x000000008da00000| Untracked 
| 185|0x000000008db00000, 0x000000008db00000, 0x000000008dc00000|  0%| F|  |TAMS 0x000000008db00000, 0x000000008db00000| Untracked 
| 186|0x000000008dc00000, 0x000000008dc00000, 0x000000008dd00000|  0%| F|  |TAMS 0x000000008dc00000, 0x000000008dc00000| Untracked 
| 187|0x000000008dd00000, 0x000000008dd00000, 0x000000008de00000|  0%| F|  |TAMS 0x000000008dd00000, 0x000000008dd00000| Untracked 
| 188|0x000000008de00000, 0x000000008de00000, 0x000000008df00000|  0%| F|  |TAMS 0x000000008de00000, 0x000000008de00000| Untracked 
| 189|0x000000008df00000, 0x000000008df00000, 0x000000008e000000|  0%| F|  |TAMS 0x000000008df00000, 0x000000008df00000| Untracked 
| 190|0x000000008e000000, 0x000000008e000000, 0x000000008e100000|  0%| F|  |TAMS 0x000000008e000000, 0x000000008e000000| Untracked 
| 191|0x000000008e100000, 0x000000008e100000, 0x000000008e200000|  0%| F|  |TAMS 0x000000008e100000, 0x000000008e100000| Untracked 
| 192|0x000000008e200000, 0x000000008e200000, 0x000000008e300000|  0%| F|  |TAMS 0x000000008e200000, 0x000000008e200000| Untracked 
| 193|0x000000008e300000, 0x000000008e300000, 0x000000008e400000|  0%| F|  |TAMS 0x000000008e300000, 0x000000008e300000| Untracked 
| 194|0x000000008e400000, 0x000000008e400000, 0x000000008e500000|  0%| F|  |TAMS 0x000000008e400000, 0x000000008e400000| Untracked 
| 195|0x000000008e500000, 0x000000008e500000, 0x000000008e600000|  0%| F|  |TAMS 0x000000008e500000, 0x000000008e500000| Untracked 
| 196|0x000000008e600000, 0x000000008e600000, 0x000000008e700000|  0%| F|  |TAMS 0x000000008e600000, 0x000000008e600000| Untracked 
| 197|0x000000008e700000, 0x000000008e700000, 0x000000008e800000|  0%| F|  |TAMS 0x000000008e700000, 0x000000008e700000| Untracked 
| 198|0x000000008e800000, 0x000000008e800000, 0x000000008e900000|  0%| F|  |TAMS 0x000000008e800000, 0x000000008e800000| Untracked 
| 199|0x000000008e900000, 0x000000008e900000, 0x000000008ea00000|  0%| F|  |TAMS 0x000000008e900000, 0x000000008e900000| Untracked 
| 200|0x000000008ea00000, 0x000000008ea00000, 0x000000008eb00000|  0%| F|  |TAMS 0x000000008ea00000, 0x000000008ea00000| Untracked 
| 201|0x000000008eb00000, 0x000000008eb00000, 0x000000008ec00000|  0%| F|  |TAMS 0x000000008eb00000, 0x000000008eb00000| Untracked 
| 202|0x000000008ec00000, 0x000000008ec00000, 0x000000008ed00000|  0%| F|  |TAMS 0x000000008ec00000, 0x000000008ec00000| Untracked 
| 203|0x000000008ed00000, 0x000000008ed00000, 0x000000008ee00000|  0%| F|  |TAMS 0x000000008ed00000, 0x000000008ed00000| Untracked 
| 204|0x000000008ee00000, 0x000000008ee00000, 0x000000008ef00000|  0%| F|  |TAMS 0x000000008ee00000, 0x000000008ee00000| Untracked 
| 205|0x000000008ef00000, 0x000000008ef00000, 0x000000008f000000|  0%| F|  |TAMS 0x000000008ef00000, 0x000000008ef00000| Untracked 
| 206|0x000000008f000000, 0x000000008f000000, 0x000000008f100000|  0%| F|  |TAMS 0x000000008f000000, 0x000000008f000000| Untracked 
| 207|0x000000008f100000, 0x000000008f100000, 0x000000008f200000|  0%| F|  |TAMS 0x000000008f100000, 0x000000008f100000| Untracked 
| 208|0x000000008f200000, 0x000000008f200000, 0x000000008f300000|  0%| F|  |TAMS 0x000000008f200000, 0x000000008f200000| Untracked 
| 209|0x000000008f300000, 0x000000008f300000, 0x000000008f400000|  0%| F|  |TAMS 0x000000008f300000, 0x000000008f300000| Untracked 
| 210|0x000000008f400000, 0x000000008f400000, 0x000000008f500000|  0%| F|  |TAMS 0x000000008f400000, 0x000000008f400000| Untracked 
| 211|0x000000008f500000, 0x000000008f500000, 0x000000008f600000|  0%| F|  |TAMS 0x000000008f500000, 0x000000008f500000| Untracked 
| 212|0x000000008f600000, 0x000000008f600000, 0x000000008f700000|  0%| F|  |TAMS 0x000000008f600000, 0x000000008f600000| Untracked 
| 213|0x000000008f700000, 0x000000008f800000, 0x000000008f800000|100%| S|CS|TAMS 0x000000008f700000, 0x000000008f700000| Complete 
| 214|0x000000008f800000, 0x000000008f900000, 0x000000008f900000|100%| S|CS|TAMS 0x000000008f800000, 0x000000008f800000| Complete 
| 215|0x000000008f900000, 0x000000008fa00000, 0x000000008fa00000|100%| S|CS|TAMS 0x000000008f900000, 0x000000008f900000| Complete 
| 216|0x000000008fa00000, 0x000000008fa00000, 0x000000008fb00000|  0%| F|  |TAMS 0x000000008fa00000, 0x000000008fa00000| Untracked 
| 217|0x000000008fb00000, 0x000000008fb00000, 0x000000008fc00000|  0%| F|  |TAMS 0x000000008fb00000, 0x000000008fb00000| Untracked 
| 218|0x000000008fc00000, 0x000000008fc00000, 0x000000008fd00000|  0%| F|  |TAMS 0x000000008fc00000, 0x000000008fc00000| Untracked 
| 219|0x000000008fd00000, 0x000000008fd00000, 0x000000008fe00000|  0%| F|  |TAMS 0x000000008fd00000, 0x000000008fd00000| Untracked 
| 220|0x000000008fe00000, 0x000000008fe00000, 0x000000008ff00000|  0%| F|  |TAMS 0x000000008fe00000, 0x000000008fe00000| Untracked 
| 221|0x000000008ff00000, 0x000000008ff00000, 0x0000000090000000|  0%| F|  |TAMS 0x000000008ff00000, 0x000000008ff00000| Untracked 
| 222|0x0000000090000000, 0x0000000090000000, 0x0000000090100000|  0%| F|  |TAMS 0x0000000090000000, 0x0000000090000000| Untracked 
| 223|0x0000000090100000, 0x0000000090100000, 0x0000000090200000|  0%| F|  |TAMS 0x0000000090100000, 0x0000000090100000| Untracked 
| 224|0x0000000090200000, 0x0000000090200000, 0x0000000090300000|  0%| F|  |TAMS 0x0000000090200000, 0x0000000090200000| Untracked 
| 225|0x0000000090300000, 0x0000000090300000, 0x0000000090400000|  0%| F|  |TAMS 0x0000000090300000, 0x0000000090300000| Untracked 
| 226|0x0000000090400000, 0x0000000090400000, 0x0000000090500000|  0%| F|  |TAMS 0x0000000090400000, 0x0000000090400000| Untracked 
| 227|0x0000000090500000, 0x0000000090500000, 0x0000000090600000|  0%| F|  |TAMS 0x0000000090500000, 0x0000000090500000| Untracked 
| 228|0x0000000090600000, 0x0000000090600000, 0x0000000090700000|  0%| F|  |TAMS 0x0000000090600000, 0x0000000090600000| Untracked 
| 229|0x0000000090700000, 0x0000000090700000, 0x0000000090800000|  0%| F|  |TAMS 0x0000000090700000, 0x0000000090700000| Untracked 
| 230|0x0000000090800000, 0x0000000090800000, 0x0000000090900000|  0%| F|  |TAMS 0x0000000090800000, 0x0000000090800000| Untracked 
| 231|0x0000000090900000, 0x0000000090900000, 0x0000000090a00000|  0%| F|  |TAMS 0x0000000090900000, 0x0000000090900000| Untracked 
| 232|0x0000000090a00000, 0x0000000090a00000, 0x0000000090b00000|  0%| F|  |TAMS 0x0000000090a00000, 0x0000000090a00000| Untracked 
| 233|0x0000000090b00000, 0x0000000090b00000, 0x0000000090c00000|  0%| F|  |TAMS 0x0000000090b00000, 0x0000000090b00000| Untracked 

Card table byte_map: [0x00000230c3bb0000,0x00000230c3fa0000] _byte_map_base: 0x00000230c379f000

Marking Bits (Prev, Next): (CMBitMap*) 0x00000230aa7de210, (CMBitMap*) 0x00000230aa7de250
 Prev Bits: [0x00000230c4390000, 0x00000230c6308000)
 Next Bits: [0x00000230c6310000, 0x00000230c8288000)

Polling page: 0x00000230aa650000

Metaspace:

Usage:
  Non-class:      4.01 MB capacity,   300.88 KB (  7%) used,     3.71 MB ( 93%) free+waste,   192 bytes ( <1%) overhead. 
      Class:    386.00 KB capacity,    17.96 KB (  5%) used,   367.91 KB ( 95%) free+waste,   128 bytes ( <1%) overhead. 
       Both:      4.38 MB capacity,   318.84 KB (  7%) used,     4.07 MB ( 93%) free+waste,   320 bytes ( <1%) overhead. 

Virtual space:
  Non-class space:        8.00 MB reserved,       4.25 MB ( 53%) committed 
      Class space:        1.00 GB reserved,     512.00 KB ( <1%) committed 
             Both:        1.01 GB reserved,       4.75 MB ( <1%) committed 

Chunk freelists:
   Non-Class:  0 bytes
       Class:  0 bytes
        Both:  0 bytes

MaxMetaspaceSize: 17179869184.00 GB
CompressedClassSpaceSize: 1.00 GB

CodeHeap 'non-profiled nmethods': size=120000Kb used=32Kb max_used=32Kb free=119967Kb
 bounds [0x00000230bbc60000, 0x00000230bbed0000, 0x00000230c3190000]
CodeHeap 'profiled nmethods': size=120000Kb used=147Kb max_used=147Kb free=119852Kb
 bounds [0x00000230b4730000, 0x00000230b49a0000, 0x00000230bbc60000]
CodeHeap 'non-nmethods': size=5760Kb used=1057Kb max_used=1076Kb free=4702Kb
 bounds [0x00000230b4190000, 0x00000230b4400000, 0x00000230b4730000]
 total_blobs=389 nmethods=109 adapters=193
 compilation: enabled
              stopped_count=0, restarted_count=0
 full_count=0

Compilation events (20 events):
Event: 2.217 Thread 0x00000230ca8dc000  100       4       java.util.LinkedList::offer (6 bytes)
Event: 2.221 Thread 0x00000230ca8dc000 nmethod 100 0x00000230bbc65490 code [0x00000230bbc65620, 0x00000230bbc658d8]
Event: 2.221 Thread 0x00000230ca8dc000  101       4       java.util.LinkedList::linkLast (59 bytes)
Event: 2.225 Thread 0x00000230ca8dc000 nmethod 101 0x00000230bbc65a10 code [0x00000230bbc65ba0, 0x00000230bbc65e58]
Event: 2.225 Thread 0x00000230ca8dc000  102       4       java.util.LinkedList::peek (18 bytes)
Event: 2.226 Thread 0x00000230ca8dc000 nmethod 102 0x00000230bbc65f10 code [0x00000230bbc66080, 0x00000230bbc660f8]
Event: 2.226 Thread 0x00000230ca8dc000  103       4       java.util.AbstractCollection::isEmpty (13 bytes)
Event: 2.226 Thread 0x00000230ca8dc000 nmethod 103 0x00000230bbc66210 code [0x00000230bbc663a0, 0x00000230bbc66438]
Event: 2.226 Thread 0x00000230ca8dc000  104       4       java.util.LinkedList::poll (19 bytes)
Event: 2.230 Thread 0x00000230ca8dc000 nmethod 104 0x00000230bbc66510 code [0x00000230bbc66680, 0x00000230bbc66938]
Event: 2.230 Thread 0x00000230ca8dc000  105       4       java.util.LinkedList::unlinkFirst (64 bytes)
Event: 2.233 Thread 0x00000230ca8dc000 nmethod 105 0x00000230bbc66a10 code [0x00000230bbc66b80, 0x00000230bbc66e38]
Event: 2.234 Thread 0x00000230ca939470  106 %     3       Main::search @ 59 (218 bytes)
Event: 2.236 Thread 0x00000230ca939470 nmethod 106% 0x00000230b474ee90 code [0x00000230b474f180, 0x00000230b4750658]
Event: 2.236 Thread 0x00000230ca939470  107       3       Main::search (218 bytes)
Event: 2.238 Thread 0x00000230ca939470 nmethod 107 0x00000230b4750d90 code [0x00000230b47510a0, 0x00000230b47525c8]
Event: 2.238 Thread 0x00000230ca939470  108 %     3       Main::search @ 21 (218 bytes)
Event: 2.239 Thread 0x00000230ca939470 nmethod 108% 0x00000230b4752d90 code [0x00000230b4753080, 0x00000230b4754538]
Event: 2.241 Thread 0x00000230ca8dc000  109 %     4       Main::search @ 59 (218 bytes)
Event: 2.267 Thread 0x00000230ca8dc000 nmethod 109% 0x00000230bbc66f10 code [0x00000230bbc670e0, 0x00000230bbc67af8]

GC Heap History (17 events):
Event: 2.277 GC heap before
{Heap before GC invocations=0 (full 0):
 garbage-first heap   total 129024K, used 13312K [0x0000000082200000, 0x0000000100000000)
  region size 1024K, 13 young (13312K), 0 survivors (0K)
 Metaspace       used 318K, capacity 4490K, committed 4864K, reserved 1056768K
  class space    used 17K, capacity 386K, committed 512K, reserved 1048576K
}
Event: 2.324 GC heap after
{Heap after GC invocations=1 (full 0):
 garbage-first heap   total 129024K, used 8799K [0x0000000082200000, 0x0000000100000000)
  region size 1024K, 2 young (2048K), 2 survivors (2048K)
 Metaspace       used 318K, capacity 4490K, committed 4864K, reserved 1056768K
  class space    used 17K, capacity 386K, committed 512K, reserved 1048576K
}
Event: 2.333 GC heap before
{Heap before GC invocations=1 (full 0):
 garbage-first heap   total 129024K, used 20063K [0x0000000082200000, 0x0000000100000000)
  region size 1024K, 13 young (13312K), 2 survivors (2048K)
 Metaspace       used 318K, capacity 4490K, committed 4864K, reserved 1056768K
  class space    used 17K, capacity 386K, committed 512K, reserved 1048576K
}
Event: 2.371 GC heap after
{Heap after GC invocations=2 (full 0):
 garbage-first heap   total 129024K, used 19327K [0x0000000082200000, 0x0000000100000000)
  region size 1024K, 2 young (2048K), 2 survivors (2048K)
 Metaspace       used 318K, capacity 4490K, committed 4864K, reserved 1056768K
  class space    used 17K, capacity 386K, committed 512K, reserved 1048576K
}
Event: 2.383 GC heap before
{Heap before GC invocations=2 (full 0):
 garbage-first heap   total 129024K, used 32639K [0x0000000082200000, 0x0000000100000000)
  region size 1024K, 15 young (15360K), 2 survivors (2048K)
 Metaspace       used 318K, capacity 4490K, committed 4864K, reserved 1056768K
  class space    used 17K, capacity 386K, committed 512K, reserved 1048576K
}
Event: 2.430 GC heap after
{Heap after GC invocations=3 (full 0):
 garbage-first heap   total 129024K, used 33280K [0x0000000082200000, 0x0000000100000000)
  region size 1024K, 2 young (2048K), 2 survivors (2048K)
 Metaspace       used 318K, capacity 4490K, committed 4864K, reserved 1056768K
  class space    used 17K, capacity 386K, committed 512K, reserved 1048576K
}
Event: 2.448 GC heap before
{Heap before GC invocations=3 (full 0):
 garbage-first heap   total 129024K, used 51712K [0x0000000082200000, 0x0000000100000000)
  region size 1024K, 20 young (20480K), 2 survivors (2048K)
 Metaspace       used 318K, capacity 4490K, committed 4864K, reserved 1056768K
  class space    used 17K, capacity 386K, committed 512K, reserved 1048576K
}
Event: 2.516 GC heap after
{Heap after GC invocations=4 (full 0):
 garbage-first heap   total 129024K, used 52736K [0x0000000082200000, 0x0000000100000000)
  region size 1024K, 3 young (3072K), 3 survivors (3072K)
 Metaspace       used 318K, capacity 4490K, committed 4864K, reserved 1056768K
  class space    used 17K, capacity 386K, committed 512K, reserved 1048576K
}
Event: 2.534 GC heap before
{Heap before GC invocations=4 (full 0):
 garbage-first heap   total 129024K, used 71168K [0x0000000082200000, 0x0000000100000000)
  region size 1024K, 21 young (21504K), 3 survivors (3072K)
 Metaspace       used 318K, capacity 4490K, committed 4864K, reserved 1056768K
  class space    used 17K, capacity 386K, committed 512K, reserved 1048576K
}
Event: 2.609 GC heap after
{Heap after GC invocations=5 (full 0):
 garbage-first heap   total 239616K, used 71680K [0x0000000082200000, 0x0000000100000000)
  region size 1024K, 3 young (3072K), 3 survivors (3072K)
 Metaspace       used 318K, capacity 4490K, committed 4864K, reserved 1056768K
  class space    used 17K, capacity 386K, committed 512K, reserved 1048576K
}
Event: 2.650 GC heap before
{Heap before GC invocations=5 (full 0):
 garbage-first heap   total 239616K, used 95232K [0x0000000082200000, 0x0000000100000000)
  region size 1024K, 26 young (26624K), 3 survivors (3072K)
 Metaspace       used 318K, capacity 4490K, committed 4864K, reserved 1056768K
  class space    used 17K, capacity 386K, committed 512K, reserved 1048576K
}
Event: 2.741 GC heap after
{Heap after GC invocations=6 (full 0):
 garbage-first heap   total 239616K, used 96256K [0x0000000082200000, 0x0000000100000000)
  region size 1024K, 4 young (4096K), 4 survivors (4096K)
 Metaspace       used 318K, capacity 4490K, committed 4864K, reserved 1056768K
  class space    used 17K, capacity 386K, committed 512K, reserved 1048576K
}
Event: 2.772 GC heap before
{Heap before GC invocations=6 (full 0):
 garbage-first heap   total 239616K, used 123904K [0x0000000082200000, 0x0000000100000000)
  region size 1024K, 31 young (31744K), 4 survivors (4096K)
 Metaspace       used 318K, capacity 4490K, committed 4864K, reserved 1056768K
  class space    used 17K, capacity 386K, committed 512K, reserved 1048576K
}
Event: 2.895 GC heap after
{Heap after GC invocations=7 (full 0):
 garbage-first heap   total 239616K, used 124928K [0x0000000082200000, 0x0000000100000000)
  region size 1024K, 4 young (4096K), 4 survivors (4096K)
 Metaspace       used 318K, capacity 4490K, committed 4864K, reserved 1056768K
  class space    used 17K, capacity 386K, committed 512K, reserved 1048576K
}
Event: 2.922 GC heap before
{Heap before GC invocations=7 (full 0):
 garbage-first heap   total 239616K, used 151552K [0x0000000082200000, 0x0000000100000000)
  region size 1024K, 30 young (30720K), 4 survivors (4096K)
 Metaspace       used 318K, capacity 4490K, committed 4864K, reserved 1056768K
  class space    used 17K, capacity 386K, committed 512K, reserved 1048576K
}
Event: 3.023 GC heap after
{Heap after GC invocations=8 (full 0):
 garbage-first heap   total 239616K, used 152576K [0x0000000082200000, 0x0000000100000000)
  region size 1024K, 4 young (4096K), 4 survivors (4096K)
 Metaspace       used 318K, capacity 4490K, committed 4864K, reserved 1056768K
  class space    used 17K, capacity 386K, committed 512K, reserved 1048576K
}
Event: 3.072 GC heap before
{Heap before GC invocations=8 (full 0):
 garbage-first heap   total 239616K, used 171008K [0x0000000082200000, 0x0000000100000000)
  region size 1024K, 22 young (22528K), 4 survivors (4096K)
 Metaspace       used 318K, capacity 4490K, committed 4864K, reserved 1056768K
  class space    used 17K, capacity 386K, committed 512K, reserved 1048576K
}

Deoptimization events (20 events):
Event: 2.249 Thread 0x00000230aa79da40 DEOPT PACKING pc=0x00000230b4750388 sp=0x000000d1908ff5a0
Event: 2.249 Thread 0x00000230aa79da40 DEOPT UNPACKING pc=0x00000230b41de23f sp=0x000000d1908feab8 mode 0
Event: 2.251 Thread 0x00000230aa79da40 DEOPT PACKING pc=0x00000230b475034b sp=0x000000d1908ff5a0
Event: 2.251 Thread 0x00000230aa79da40 DEOPT UNPACKING pc=0x00000230b41de23f sp=0x000000d1908feac0 mode 0
Event: 2.253 Thread 0x00000230aa79da40 DEOPT PACKING pc=0x00000230b4750388 sp=0x000000d1908ff5a0
Event: 2.253 Thread 0x00000230aa79da40 DEOPT UNPACKING pc=0x00000230b41de23f sp=0x000000d1908feab8 mode 0
Event: 2.255 Thread 0x00000230aa79da40 DEOPT PACKING pc=0x00000230b4750388 sp=0x000000d1908ff5a0
Event: 2.255 Thread 0x00000230aa79da40 DEOPT UNPACKING pc=0x00000230b41de23f sp=0x000000d1908feab8 mode 0
Event: 2.256 Thread 0x00000230aa79da40 DEOPT PACKING pc=0x00000230b475427c sp=0x000000d1908ff5c0
Event: 2.256 Thread 0x00000230aa79da40 DEOPT UNPACKING pc=0x00000230b41de23f sp=0x000000d1908feab8 mode 0
Event: 2.258 Thread 0x00000230aa79da40 DEOPT PACKING pc=0x00000230b4750388 sp=0x000000d1908ff5a0
Event: 2.258 Thread 0x00000230aa79da40 DEOPT UNPACKING pc=0x00000230b41de23f sp=0x000000d1908feab8 mode 0
Event: 2.259 Thread 0x00000230aa79da40 DEOPT PACKING pc=0x00000230b475034b sp=0x000000d1908ff5a0
Event: 2.259 Thread 0x00000230aa79da40 DEOPT UNPACKING pc=0x00000230b41de23f sp=0x000000d1908feac0 mode 0
Event: 2.260 Thread 0x00000230aa79da40 DEOPT PACKING pc=0x00000230b4750388 sp=0x000000d1908ff5a0
Event: 2.260 Thread 0x00000230aa79da40 DEOPT UNPACKING pc=0x00000230b41de23f sp=0x000000d1908feab8 mode 0
Event: 2.262 Thread 0x00000230aa79da40 DEOPT PACKING pc=0x00000230b4750388 sp=0x000000d1908ff5a0
Event: 2.262 Thread 0x00000230aa79da40 DEOPT UNPACKING pc=0x00000230b41de23f sp=0x000000d1908feab8 mode 0
Event: 2.263 Thread 0x00000230aa79da40 DEOPT PACKING pc=0x00000230b475427c sp=0x000000d1908ff5c0
Event: 2.263 Thread 0x00000230aa79da40 DEOPT UNPACKING pc=0x00000230b41de23f sp=0x000000d1908feab8 mode 0

Classes unloaded (0 events):
No events

Classes redefined (0 events):
No events

Internal exceptions (0 events):
No events

Events (20 events):
Event: 1.385 loading class java/awt/geom/Point2D
Event: 1.385 loading class java/awt/geom/Point2D done
Event: 1.385 loading class java/awt/Point done
Event: 2.277 Executing VM operation: G1CollectForAllocation
Event: 2.324 Executing VM operation: G1CollectForAllocation done
Event: 2.333 Executing VM operation: G1CollectForAllocation
Event: 2.371 Executing VM operation: G1CollectForAllocation done
Event: 2.383 Executing VM operation: G1CollectForAllocation
Event: 2.430 Executing VM operation: G1CollectForAllocation done
Event: 2.448 Executing VM operation: G1CollectForAllocation
Event: 2.516 Executing VM operation: G1CollectForAllocation done
Event: 2.534 Executing VM operation: G1CollectForAllocation
Event: 2.609 Executing VM operation: G1CollectForAllocation done
Event: 2.650 Executing VM operation: G1CollectForAllocation
Event: 2.741 Executing VM operation: G1CollectForAllocation done
Event: 2.772 Executing VM operation: G1CollectForAllocation
Event: 2.895 Executing VM operation: G1CollectForAllocation done
Event: 2.922 Executing VM operation: G1CollectForAllocation
Event: 3.024 Executing VM operation: G1CollectForAllocation done
Event: 3.066 Executing VM operation: G1CollectForAllocation


Dynamic libraries:
0x00007ff649410000 - 0x00007ff64941f000 	C:\Program Files\Java\jdk-15.0.2\bin\javaw.exe
0x00007ffea6fb0000 - 0x00007ffea71a5000 	C:\WINDOWS\SYSTEM32\ntdll.dll
0x00007ffea6b10000 - 0x00007ffea6bcd000 	C:\WINDOWS\System32\KERNEL32.DLL
0x00007ffea4c90000 - 0x00007ffea4f58000 	C:\WINDOWS\System32\KERNELBASE.dll
0x00007ffea4ae0000 - 0x00007ffea4be0000 	C:\WINDOWS\System32\ucrtbase.dll
0x00007ffe8f8e0000 - 0x00007ffe8f8f8000 	C:\Program Files\Java\jdk-15.0.2\bin\jli.dll
0x00007ffea6a60000 - 0x00007ffea6b0c000 	C:\WINDOWS\System32\ADVAPI32.dll
0x00007ffea67b0000 - 0x00007ffea684e000 	C:\WINDOWS\System32\msvcrt.dll
0x00007ffea5700000 - 0x00007ffea579b000 	C:\WINDOWS\System32\sechost.dll
0x00007ffea6860000 - 0x00007ffea698b000 	C:\WINDOWS\System32\RPCRT4.dll
0x00007ffea5050000 - 0x00007ffea51f0000 	C:\WINDOWS\System32\USER32.dll
0x00007ffea4f60000 - 0x00007ffea4f82000 	C:\WINDOWS\System32\win32u.dll
0x00007ffea5580000 - 0x00007ffea55aa000 	C:\WINDOWS\System32\GDI32.dll
0x00007ffea4790000 - 0x00007ffea489b000 	C:\WINDOWS\System32\gdi32full.dll
0x00007ffea46f0000 - 0x00007ffea478d000 	C:\WINDOWS\System32\msvcp_win.dll
0x00007ffe8c870000 - 0x00007ffe8c889000 	C:\Program Files\Java\jdk-15.0.2\bin\VCRUNTIME140.dll
0x00007ffe91300000 - 0x00007ffe9159a000 	C:\WINDOWS\WinSxS\amd64_microsoft.windows.common-controls_6595b64144ccf1df_6.0.19041.844_none_ca00b6081b84eb1d\COMCTL32.dll
0x00007ffe94010000 - 0x00007ffe9401a000 	C:\WINDOWS\SYSTEM32\VERSION.dll
0x00007ffea5020000 - 0x00007ffea5050000 	C:\WINDOWS\System32\IMM32.DLL
0x00007ffe9cad0000 - 0x00007ffe9cadc000 	C:\Program Files\Java\jdk-15.0.2\bin\vcruntime140_1.dll
0x00007ffe89970000 - 0x00007ffe89a01000 	C:\Program Files\Java\jdk-15.0.2\bin\msvcp140.dll
0x00007ffe41480000 - 0x00007ffe41fde000 	C:\Program Files\Java\jdk-15.0.2\bin\server\jvm.dll
0x00007ffea5010000 - 0x00007ffea5018000 	C:\WINDOWS\System32\PSAPI.DLL
0x00007ffe8c810000 - 0x00007ffe8c819000 	C:\WINDOWS\SYSTEM32\WSOCK32.dll
0x00007ffea69f0000 - 0x00007ffea6a5b000 	C:\WINDOWS\System32\WS2_32.dll
0x00007ffe94020000 - 0x00007ffe94047000 	C:\WINDOWS\SYSTEM32\WINMM.dll
0x00007ffea2fc0000 - 0x00007ffea2fd2000 	C:\WINDOWS\SYSTEM32\kernel.appcore.dll
0x00007ffe9c7a0000 - 0x00007ffe9c7aa000 	C:\Program Files\Java\jdk-15.0.2\bin\jimage.dll
0x00007ffea2c90000 - 0x00007ffea2e74000 	C:\WINDOWS\SYSTEM32\DBGHELP.DLL
0x00007ffe8c820000 - 0x00007ffe8c84c000 	C:\WINDOWS\SYSTEM32\dbgcore.DLL
0x00007ffea4f90000 - 0x00007ffea5010000 	C:\WINDOWS\System32\bcryptPrimitives.dll
0x00007ffe8a000000 - 0x00007ffe8a025000 	C:\Program Files\Java\jdk-15.0.2\bin\java.dll
0x00007ffea5b90000 - 0x00007ffea62d2000 	C:\WINDOWS\System32\SHELL32.dll
0x00007ffea2430000 - 0x00007ffea2bc0000 	C:\WINDOWS\SYSTEM32\windows.storage.dll
0x00007ffea5830000 - 0x00007ffea5b85000 	C:\WINDOWS\System32\combase.dll
0x00007ffea4090000 - 0x00007ffea40bc000 	C:\WINDOWS\SYSTEM32\Wldp.dll
0x00007ffea5400000 - 0x00007ffea54ae000 	C:\WINDOWS\System32\SHCORE.dll
0x00007ffea62e0000 - 0x00007ffea6335000 	C:\WINDOWS\System32\shlwapi.dll
0x00007ffea4630000 - 0x00007ffea464f000 	C:\WINDOWS\SYSTEM32\profapi.dll

dbghelp: loaded successfully - version: 4.0.5 - missing functions: none
symbol engine: initialized successfully - sym options: 0x614 - pdb path: .;C:\Program Files\Java\jdk-15.0.2\bin;C:\WINDOWS\SYSTEM32;C:\WINDOWS\WinSxS\amd64_microsoft.windows.common-controls_6595b64144ccf1df_6.0.19041.844_none_ca00b6081b84eb1d;C:\Program Files\Java\jdk-15.0.2\bin\server

VM Arguments:
jvm_args: -Dfile.encoding=UTF-8 -XX:+ShowCodeDetailsInExceptionMessages 
java_command: Main
java_class_path (initial): C:\Users\junh9\OneDrive\Documents\자바\backjoon\backjoon_1\bin
Launcher Type: SUN_STANDARD

[Global flags]
     intx CICompilerCount                          = 3                                         {product} {ergonomic}
     uint ConcGCThreads                            = 1                                         {product} {ergonomic}
     uint G1ConcRefinementThreads                  = 4                                         {product} {ergonomic}
   size_t G1HeapRegionSize                         = 1048576                                   {product} {ergonomic}
    uintx GCDrainStackTargetSize                   = 64                                        {product} {ergonomic}
   size_t InitialHeapSize                          = 132120576                                 {product} {ergonomic}
   size_t MarkStackSize                            = 4194304                                   {product} {ergonomic}
   size_t MaxHeapSize                              = 2111832064                                {product} {ergonomic}
   size_t MaxNewSize                               = 1266679808                                {product} {ergonomic}
   size_t MinHeapDeltaBytes                        = 1048576                                   {product} {ergonomic}
   size_t MinHeapSize                              = 8388608                                   {product} {ergonomic}
    uintx NonNMethodCodeHeapSize                   = 5832780                                {pd product} {ergonomic}
    uintx NonProfiledCodeHeapSize                  = 122912730                              {pd product} {ergonomic}
    uintx ProfiledCodeHeapSize                     = 122912730                              {pd product} {ergonomic}
    uintx ReservedCodeCacheSize                    = 251658240                              {pd product} {ergonomic}
     bool SegmentedCodeCache                       = true                                      {product} {ergonomic}
     bool ShowCodeDetailsInExceptionMessages       = true                                   {manageable} {command line}
   size_t SoftMaxHeapSize                          = 2111832064                             {manageable} {ergonomic}
     bool UseCompressedClassPointers               = true                                 {lp64_product} {ergonomic}
     bool UseCompressedOops                        = true                                 {lp64_product} {ergonomic}
     bool UseG1GC                                  = true                                      {product} {ergonomic}
     bool UseLargePagesIndividualAllocation        = false                                  {pd product} {ergonomic}

Logging:
Log output configuration:
 #0: stdout all=warning uptime,level,tags
 #1: stderr all=off uptime,level,tags

Environment Variables:
JAVA_HOME=C:\Program Files\Java\jdk-15.0.2
PATH=C:\Program Files\Common Files\Oracle\Java\javapath;C:\Program Files (x86)\NAT Service;C:\WINDOWS\system32;C:\WINDOWS;C:\WINDOWS\System32\Wbem;C:\WINDOWS\System32\WindowsPowerShell\v1.0\;C:\Program Files\Intel\WiFi\bin\;C:\Program Files\Common Files\Intel\WirelessCommon\;C:\WINDOWS\System32\OpenSSH\;C:\Program Files\Java\jdk-15.0.2\bin\;C:\Program Files\Git\cmd;C:\Users\junh9\AppData\Local\Microsoft\WindowsApps;C:\Program Files\Intel\WiFi\bin\;C:\Program Files\Common Files\Intel\WirelessCommon\;C:\Program Files\Bandizip\;C:\Users\junh9\AppData\Local\GitHubDesktop\bin;
USERNAME=Homie
OS=Windows_NT
PROCESSOR_IDENTIFIER=Intel64 Family 6 Model 142 Stepping 9, GenuineIntel



---------------  S Y S T E M  ---------------

OS:
 Windows 10 , 64 bit Build 19041 (10.0.19041.928)
OS uptime: 5 days 0:23 hours

CPU: total 4 (initial active 4) (2 cores per cpu, 2 threads per core) family 6 model 142 stepping 9 microcode 0xde, cmov, cx8, fxsr, mmx, sse, sse2, sse3, ssse3, sse4.1, sse4.2, popcnt, vzeroupper, avx, avx2, aes, clmul, erms, 3dnowpref, lzcnt, ht, tsc, tscinvbit, bmi1, bmi2, adx, fma, clflush, clflushopt

Memory: 4k page, system-wide physical 8051M (502M free)
TotalPageFile size 17082M (AvailPageFile size 36M)
current process WorkingSet (physical memory assigned to process): 235M, peak: 235M
current process commit charge ("private bytes"): 767M, peak: 774M

vm_info: Java HotSpot(TM) 64-Bit Server VM (15.0.2+7-27) for windows-amd64 JRE (15.0.2+7-27), built on Dec  7 2020 20:07:01 by "mach5one" with unknown MS VC++:1925

END.
